<?xml version="1.0" encoding="UTF-8"?>
<testsuite name="com.stepthrone.profile.service.UserProfileServiceTest" tests="4" skipped="0" failures="0" errors="0" timestamp="2025-04-25T16:58:35.594Z" hostname="Poojas-MacBook-Air.local" time="0.107">
  <properties/>
  <testcase name="getProfile_ShouldReturnProfileWhenUserExists()" classname="com.stepthrone.profile.service.UserProfileServiceTest" time="0.098"/>
  <testcase name="updateProfile_ShouldUpdateAndReturnProfile()" classname="com.stepthrone.profile.service.UserProfileServiceTest" time="0.004"/>
  <testcase name="updateProfile_ShouldThrowExceptionWhenUserNotFound()" classname="com.stepthrone.profile.service.UserProfileServiceTest" time="0.003"/>
  <testcase name="getProfile_ShouldThrowExceptionWhenUserNotFound()" classname="com.stepthrone.profile.service.UserProfileServiceTest" time="0.002"/>
  <system-out><![CDATA[]]></system-out>
  <system-err><![CDATA[]]></system-err>
</testsuite>
