<?xml version="1.0" encoding="UTF-8"?>
<testsuite name="com.stepthrone.stepcount.service.StepServiceTest" tests="9" skipped="0" failures="0" errors="0" timestamp="2025-04-25T16:58:35.883Z" hostname="Poojas-MacBook-Air.local" time="0.084">
  <properties/>
  <testcase name="getUserHistory_ShouldReturnPaginatedStepHistory()" classname="com.stepthrone.stepcount.service.StepServiceTest" time="0.068"/>
  <testcase name="getUserDailySteps_ShouldReturnDailySteps()" classname="com.stepthrone.stepcount.service.StepServiceTest" time="0.002"/>
  <testcase name="submitDailySteps_ShouldCreateNewEntryWhenNotExists()" classname="com.stepthrone.stepcount.service.StepServiceTest" time="0.003"/>
  <testcase name="getUserDailySteps_ShouldThrowExceptionWhenUserNotFound()" classname="com.stepthrone.stepcount.service.StepServiceTest" time="0.002"/>
  <testcase name="getDailyLeaderboard_ShouldReturnCorrectRankings()" classname="com.stepthrone.stepcount.service.StepServiceTest" time="0.002"/>
  <testcase name="getGlobalLeaderboard_ShouldReturnPaginatedResults()" classname="com.stepthrone.stepcount.service.StepServiceTest" time="0.002"/>
  <testcase name="getUserDailySteps_ShouldThrowExceptionWhenDataNotFound()" classname="com.stepthrone.stepcount.service.StepServiceTest" time="0.002"/>
  <testcase name="submitDailySteps_ShouldUpdateExistingEntryWhenExists()" classname="com.stepthrone.stepcount.service.StepServiceTest" time="0.001"/>
  <testcase name="submitDailySteps_ShouldThrowExceptionWhenUserNotFound()" classname="com.stepthrone.stepcount.service.StepServiceTest" time="0.001"/>
  <system-out><![CDATA[]]></system-out>
  <system-err><![CDATA[]]></system-err>
</testsuite>
