<?xml version="1.0" encoding="UTF-8"?>
<testsuite name="com.stepthrone.StepThroneApplicationTests" tests="1" skipped="0" failures="0" errors="0" timestamp="2025-04-25T16:58:34.260Z" hostname="Poojas-MacBook-Air.local" time="0.369">
  <properties/>
  <testcase name="contextLoads()" classname="com.stepthrone.StepThroneApplicationTests" time="0.369"/>
  <system-out><![CDATA[11:58:30.643 [Test worker] INFO org.springframework.test.context.support.AnnotationConfigContextLoaderUtils -- Could not detect default configuration classes for test class [com.stepthrone.StepThroneApplicationTests]: StepThroneApplicationTests does not declare any static, non-private, non-final, nested classes annotated with @Configuration.
11:58:30.710 [Test worker] INFO org.springframework.boot.test.context.SpringBootTestContextBootstrapper -- Found @SpringBootConfiguration com.stepthrone.StepThroneApplication for test class com.stepthrone.StepThroneApplicationTests

  .   ____          _            __ _ _
 /\\ / ___'_ __ _ _(_)_ __  __ _ \ \ \ \
( ( )\___ | '_ | '_| | '_ \/ _` | \ \ \ \
 \\/  ___)| |_)| | | | | || (_| |  ) ) ) )
  '  |____| .__|_| |_|_| |_\__, | / / / /
 =========|_|==============|___/=/_/_/_/

 :: Spring Boot ::                (v3.4.4)

2025-04-25T11:58:30.945-05:00  INFO 4505 --- [StepThrone] [    Test worker] c.stepthrone.StepThroneApplicationTests  : Starting StepThroneApplicationTests using Java 21.0.1 with PID 4505 (started by pmajoka in /Users/pmajoka/Downloads/ASD_SOL/StepThrone)
2025-04-25T11:58:30.946-05:00  INFO 4505 --- [StepThrone] [    Test worker] c.stepthrone.StepThroneApplicationTests  : No active profile set, falling back to 1 default profile: "default"
2025-04-25T11:58:31.506-05:00  INFO 4505 --- [StepThrone] [    Test worker] .s.d.r.c.RepositoryConfigurationDelegate : Bootstrapping Spring Data JPA repositories in DEFAULT mode.
2025-04-25T11:58:31.546-05:00  INFO 4505 --- [StepThrone] [    Test worker] .s.d.r.c.RepositoryConfigurationDelegate : Finished Spring Data repository scanning in 33 ms. Found 2 JPA repository interfaces.
2025-04-25T11:58:31.898-05:00  INFO 4505 --- [StepThrone] [    Test worker] o.hibernate.jpa.internal.util.LogHelper  : HHH000204: Processing PersistenceUnitInfo [name: default]
2025-04-25T11:58:31.932-05:00  INFO 4505 --- [StepThrone] [    Test worker] org.hibernate.Version                    : HHH000412: Hibernate ORM core version 6.6.11.Final
2025-04-25T11:58:31.936-05:00  WARN 4505 --- [StepThrone] [    Test worker] org.hibernate.orm.deprecation            : HHH90000021: Encountered deprecated setting [javax.persistence.transactionType], use [jakarta.persistence.transactionType] instead
2025-04-25T11:58:31.953-05:00  INFO 4505 --- [StepThrone] [    Test worker] o.h.c.internal.RegionFactoryInitiator    : HHH000026: Second-level cache disabled
2025-04-25T11:58:32.133-05:00  INFO 4505 --- [StepThrone] [    Test worker] o.s.o.j.p.SpringPersistenceUnitInfo      : No LoadTimeWeaver setup: ignoring JPA class transformer
2025-04-25T11:58:32.152-05:00  INFO 4505 --- [StepThrone] [    Test worker] com.zaxxer.hikari.HikariDataSource       : HikariPool-1 - Starting...
2025-04-25T11:58:32.406-05:00  INFO 4505 --- [StepThrone] [    Test worker] com.zaxxer.hikari.pool.HikariPool        : HikariPool-1 - Added connection com.mysql.cj.jdbc.ConnectionImpl@98712fa
2025-04-25T11:58:32.407-05:00  INFO 4505 --- [StepThrone] [    Test worker] com.zaxxer.hikari.HikariDataSource       : HikariPool-1 - Start completed.
2025-04-25T11:58:32.450-05:00  WARN 4505 --- [StepThrone] [    Test worker] org.hibernate.orm.deprecation            : HHH90000025: MySQLDialect does not need to be specified explicitly using 'hibernate.dialect' (remove the property setting and it will be selected by default)
2025-04-25T11:58:32.460-05:00  INFO 4505 --- [StepThrone] [    Test worker] org.hibernate.orm.connections.pooling    : HHH10001005: Database info:
	Database JDBC URL [Connecting through datasource 'HikariDataSource (HikariPool-1)']
	Database driver: undefined/unknown
	Database version: 9.2
	Autocommit mode: undefined/unknown
	Isolation level: undefined/unknown
	Minimum pool size: undefined/unknown
	Maximum pool size: undefined/unknown
2025-04-25T11:58:33.018-05:00  INFO 4505 --- [StepThrone] [    Test worker] o.h.e.t.j.p.i.JtaPlatformInitiator       : HHH000489: No JTA platform available (set 'hibernate.transaction.jta.platform' to enable JTA platform integration)
2025-04-25T11:58:33.066-05:00  INFO 4505 --- [StepThrone] [    Test worker] j.LocalContainerEntityManagerFactoryBean : Initialized JPA EntityManagerFactory for persistence unit 'default'
2025-04-25T11:58:33.295-05:00  INFO 4505 --- [StepThrone] [    Test worker] eAuthenticationProviderManagerConfigurer : Global AuthenticationManager configured with AuthenticationProvider bean with name authenticationProvider
2025-04-25T11:58:33.295-05:00  WARN 4505 --- [StepThrone] [    Test worker] r$InitializeUserDetailsManagerConfigurer : Global AuthenticationManager configured with an AuthenticationProvider bean. UserDetailsService beans will not be used by Spring Security for automatically configuring username/password login. Consider removing the AuthenticationProvider bean. Alternatively, consider using the UserDetailsService in a manually instantiated DaoAuthenticationProvider. If the current configuration is intentional, to turn off this warning, increase the logging level of 'org.springframework.security.config.annotation.authentication.configuration.InitializeUserDetailsBeanManagerConfigurer' to ERROR
2025-04-25T11:58:33.324-05:00  INFO 4505 --- [StepThrone] [    Test worker] o.s.d.j.r.query.QueryEnhancerFactory     : Hibernate is in classpath; If applicable, HQL parser will be used.
2025-04-25T11:58:33.802-05:00  WARN 4505 --- [StepThrone] [    Test worker] JpaBaseConfiguration$JpaWebConfiguration : spring.jpa.open-in-view is enabled by default. Therefore, database queries may be performed during view rendering. Explicitly configure spring.jpa.open-in-view to disable this warning
2025-04-25T11:58:34.249-05:00  INFO 4505 --- [StepThrone] [    Test worker] c.stepthrone.StepThroneApplicationTests  : Started StepThroneApplicationTests in 3.448 seconds (process running for 4.185)
]]></system-out>
  <system-err><![CDATA[Mockito is currently self-attaching to enable the inline-mock-maker. This will no longer work in future releases of the JDK. Please add Mockito as an agent to your build what is described in Mockito's documentation: https://javadoc.io/doc/org.mockito/mockito-core/latest/org/mockito/Mockito.html#0.3
WARNING: A Java agent has been loaded dynamically (/Users/pmajoka/.gradle/caches/modules-2/files-2.1/net.bytebuddy/byte-buddy-agent/1.15.11/a38b16385e867f59a641330f0362ebe742788ed8/byte-buddy-agent-1.15.11.jar)
WARNING: If a serviceability tool is in use, please run with -XX:+EnableDynamicAgentLoading to hide this warning
WARNING: If a serviceability tool is not in use, please run with -Djdk.instrument.traceUsage for more information
WARNING: Dynamic loading of agents will be disallowed by default in a future release
]]></system-err>
</testsuite>
