<?xml version="1.0" encoding="UTF-8"?>
<testsuite name="com.stepthrone.stepcount.controller.StepControllerTest" tests="5" skipped="0" failures="0" errors="0" timestamp="2025-04-25T16:58:35.702Z" hostname="Poojas-MacBook-Air.local" time="0.039">
  <properties/>
  <testcase name="submitSteps_ShouldReturnDailyStepResponse()" classname="com.stepthrone.stepcount.controller.StepControllerTest" time="0.029"/>
  <testcase name="getUserDailySteps_ShouldReturnDailySteps()" classname="com.stepthrone.stepcount.controller.StepControllerTest" time="0.001"/>
  <testcase name="getGlobalLeaderboard_ShouldReturnPaginatedLeaderboard()" classname="com.stepthrone.stepcount.controller.StepControllerTest" time="0.001"/>
  <testcase name="getUserHistory_ShouldReturnPaginatedHistory()" classname="com.stepthrone.stepcount.controller.StepControllerTest" time="0.004"/>
  <testcase name="getDailyLeaderboard_ShouldReturnLeaderboard()" classname="com.stepthrone.stepcount.controller.StepControllerTest" time="0.002"/>
  <system-out><![CDATA[]]></system-out>
  <system-err><![CDATA[]]></system-err>
</testsuite>
